<?xml version="1.0" encoding="UTF-8" ?>
<testsuite failures="0" time="6.555" errors="0" skipped="0" tests="9" name="com.fingerbook.MyClassIntegrationTest">
  <properties>
    <property name="java.runtime.name" value="OpenJDK Runtime Environment"/>
    <property name="sun.boot.library.path" value="/usr/lib/jvm/java-6-openjdk/jre/lib/i386"/>
    <property name="java.vm.version" value="17.0-b16"/>
    <property name="java.vm.vendor" value="Sun Microsystems Inc."/>
    <property name="java.vendor.url" value="http://java.sun.com/"/>
    <property name="path.separator" value=":"/>
    <property name="java.vm.name" value="OpenJDK Client VM"/>
    <property name="file.encoding.pkg" value="sun.io"/>
    <property name="user.country" value="US"/>
    <property name="sun.java.launcher" value="SUN_STANDARD"/>
    <property name="sun.os.patch.level" value="unknown"/>
    <property name="java.vm.specification.name" value="Java Virtual Machine Specification"/>
    <property name="user.dir" value="/home/simon/workspace-sts-2.6.0.RELEASE/fbWebClient"/>
    <property name="java.runtime.version" value="1.6.0_20-b20"/>
    <property name="java.awt.graphicsenv" value="sun.awt.X11GraphicsEnvironment"/>
    <property name="basedir" value="/home/simon/workspace-sts-2.6.0.RELEASE/fbWebClient"/>
    <property name="java.endorsed.dirs" value="/usr/lib/jvm/java-6-openjdk/jre/lib/endorsed"/>
    <property name="os.arch" value="i386"/>
    <property name="surefire.real.class.path" value="/home/simon/workspace-sts-2.6.0.RELEASE/fbWebClient/target/surefire/surefirebooter3358465666696656545.jar"/>
    <property name="java.io.tmpdir" value="/tmp"/>
    <property name="line.separator" value="
"/>
    <property name="java.vm.specification.vendor" value="Sun Microsystems Inc."/>
    <property name="os.name" value="Linux"/>
    <property name="sun.jnu.encoding" value="UTF-8"/>
    <property name="java.library.path" value="/usr/lib/jvm/java-6-openjdk/jre/lib/i386/client:/usr/lib/jvm/java-6-openjdk/jre/lib/i386:/usr/lib/jvm/java-6-openjdk/jre/../lib/i386:/usr/lib/jvm/java-6-openjdk/jre/lib/i386/client:/usr/lib/jvm/java-6-openjdk/jre/lib/i386::/usr/java/packages/lib/i386:/usr/lib/jni:/lib:/usr/lib"/>
    <property name="surefire.test.class.path" value="/home/simon/workspace-sts-2.6.0.RELEASE/fbWebClient/target/test-classes:/home/simon/workspace-sts-2.6.0.RELEASE/fbWebClient/target/classes:/home/simon/.m2/repository/junit/junit/4.8.2/junit-4.8.2.jar:/home/simon/.m2/repository/log4j/log4j/1.2.16/log4j-1.2.16.jar:/home/simon/.m2/repository/org/slf4j/slf4j-api/1.6.1/slf4j-api-1.6.1.jar:/home/simon/.m2/repository/org/slf4j/jcl-over-slf4j/1.6.1/jcl-over-slf4j-1.6.1.jar:/home/simon/.m2/repository/org/slf4j/slf4j-log4j12/1.6.1/slf4j-log4j12-1.6.1.jar:/home/simon/.m2/repository/org/aspectj/aspectjrt/1.6.11.M2/aspectjrt-1.6.11.M2.jar:/home/simon/.m2/repository/org/aspectj/aspectjweaver/1.6.11.M2/aspectjweaver-1.6.11.M2.jar:/home/simon/.m2/repository/javax/servlet/servlet-api/2.5/servlet-api-2.5.jar:/home/simon/.m2/repository/net/sf/flexjson/flexjson/2.1/flexjson-2.1.jar:/home/simon/.m2/repository/org/springframework/roo/org.springframework.roo.annotations/1.1.2.RELEASE/org.springframework.roo.annotations-1.1.2.RELEASE.jar:/home/simon/.m2/repository/org/springframework/spring-core/3.0.5.RELEASE/spring-core-3.0.5.RELEASE.jar:/home/simon/.m2/repository/org/springframework/spring-asm/3.0.5.RELEASE/spring-asm-3.0.5.RELEASE.jar:/home/simon/.m2/repository/org/springframework/spring-test/3.0.5.RELEASE/spring-test-3.0.5.RELEASE.jar:/home/simon/.m2/repository/org/springframework/spring-context/3.0.5.RELEASE/spring-context-3.0.5.RELEASE.jar:/home/simon/.m2/repository/org/springframework/spring-aop/3.0.5.RELEASE/spring-aop-3.0.5.RELEASE.jar:/home/simon/.m2/repository/aopalliance/aopalliance/1.0/aopalliance-1.0.jar:/home/simon/.m2/repository/org/springframework/spring-beans/3.0.5.RELEASE/spring-beans-3.0.5.RELEASE.jar:/home/simon/.m2/repository/org/springframework/spring-expression/3.0.5.RELEASE/spring-expression-3.0.5.RELEASE.jar:/home/simon/.m2/repository/org/springframework/spring-aspects/3.0.5.RELEASE/spring-aspects-3.0.5.RELEASE.jar:/home/simon/.m2/repository/org/springframework/spring-context-support/3.0.5.RELEASE/spring-context-support-3.0.5.RELEASE.jar:/home/simon/.m2/repository/org/springframework/spring-tx/3.0.5.RELEASE/spring-tx-3.0.5.RELEASE.jar:/home/simon/.m2/repository/org/hsqldb/hsqldb/1.8.0.10/hsqldb-1.8.0.10.jar:/home/simon/.m2/repository/org/hibernate/hibernate-core/3.6.1.Final/hibernate-core-3.6.1.Final.jar:/home/simon/.m2/repository/antlr/antlr/2.7.6/antlr-2.7.6.jar:/home/simon/.m2/repository/commons-collections/commons-collections/3.1/commons-collections-3.1.jar:/home/simon/.m2/repository/dom4j/dom4j/1.6.1/dom4j-1.6.1.jar:/home/simon/.m2/repository/org/hibernate/hibernate-commons-annotations/3.2.0.Final/hibernate-commons-annotations-3.2.0.Final.jar:/home/simon/.m2/repository/org/hibernate/javax/persistence/hibernate-jpa-2.0-api/1.0.0.Final/hibernate-jpa-2.0-api-1.0.0.Final.jar:/home/simon/.m2/repository/javax/transaction/jta/1.1/jta-1.1.jar:/home/simon/.m2/repository/org/hibernate/hibernate-entitymanager/3.6.1.Final/hibernate-entitymanager-3.6.1.Final.jar:/home/simon/.m2/repository/javassist/javassist/3.12.0.GA/javassist-3.12.0.GA.jar:/home/simon/.m2/repository/org/hibernate/hibernate-validator/4.1.0.Final/hibernate-validator-4.1.0.Final.jar:/home/simon/.m2/repository/javax/validation/validation-api/1.0.0.GA/validation-api-1.0.0.GA.jar:/home/simon/.m2/repository/cglib/cglib-nodep/2.2/cglib-nodep-2.2.jar:/home/simon/.m2/repository/org/springframework/spring-jdbc/3.0.5.RELEASE/spring-jdbc-3.0.5.RELEASE.jar:/home/simon/.m2/repository/org/springframework/spring-orm/3.0.5.RELEASE/spring-orm-3.0.5.RELEASE.jar:/home/simon/.m2/repository/commons-pool/commons-pool/1.5.4/commons-pool-1.5.4.jar:/home/simon/.m2/repository/commons-dbcp/commons-dbcp/1.3/commons-dbcp-1.3.jar:/home/simon/.m2/repository/org/apache/tiles/tiles-core/2.2.1/tiles-core-2.2.1.jar:/home/simon/.m2/repository/org/apache/tiles/tiles-api/2.2.1/tiles-api-2.2.1.jar:/home/simon/.m2/repository/commons-digester/commons-digester/2.0/commons-digester-2.0.jar:/home/simon/.m2/repository/commons-beanutils/commons-beanutils/1.8.0/commons-beanutils-1.8.0.jar:/home/simon/.m2/repository/org/apache/tiles/tiles-jsp/2.2.1/tiles-jsp-2.2.1.jar:/home/simon/.m2/repository/org/apache/tiles/tiles-servlet/2.2.1/tiles-servlet-2.2.1.jar:/home/simon/.m2/repository/org/apache/tiles/tiles-template/2.2.1/tiles-template-2.2.1.jar:/home/simon/.m2/repository/org/springframework/spring-web/3.0.5.RELEASE/spring-web-3.0.5.RELEASE.jar:/home/simon/.m2/repository/org/springframework/spring-webmvc/3.0.5.RELEASE/spring-webmvc-3.0.5.RELEASE.jar:/home/simon/.m2/repository/org/springframework/webflow/spring-js-resources/2.2.1.RELEASE/spring-js-resources-2.2.1.RELEASE.jar:/home/simon/.m2/repository/commons-fileupload/commons-fileupload/1.2.1/commons-fileupload-1.2.1.jar:/home/simon/.m2/repository/javax/servlet/jstl/1.2/jstl-1.2.jar:/home/simon/.m2/repository/javax/el/el-api/1.0/el-api-1.0.jar:/home/simon/.m2/repository/joda-time/joda-time/1.6/joda-time-1.6.jar:/home/simon/.m2/repository/javax/servlet/jsp/jsp-api/2.1/jsp-api-2.1.jar:"/>
    <property name="java.specification.name" value="Java Platform API Specification"/>
    <property name="java.class.version" value="50.0"/>
    <property name="sun.management.compiler" value="HotSpot Client Compiler"/>
    <property name="os.version" value="2.6.35-22-generic"/>
    <property name="user.home" value="/home/simon"/>
    <property name="user.timezone" value="America/Argentina/Buenos_Aires"/>
    <property name="java.awt.printerjob" value="sun.print.PSPrinterJob"/>
    <property name="file.encoding" value="UTF-8"/>
    <property name="java.specification.version" value="1.6"/>
    <property name="user.name" value="simon"/>
    <property name="java.class.path" value="/home/simon/workspace-sts-2.6.0.RELEASE/fbWebClient/target/test-classes:/home/simon/workspace-sts-2.6.0.RELEASE/fbWebClient/target/classes:/home/simon/.m2/repository/junit/junit/4.8.2/junit-4.8.2.jar:/home/simon/.m2/repository/log4j/log4j/1.2.16/log4j-1.2.16.jar:/home/simon/.m2/repository/org/slf4j/slf4j-api/1.6.1/slf4j-api-1.6.1.jar:/home/simon/.m2/repository/org/slf4j/jcl-over-slf4j/1.6.1/jcl-over-slf4j-1.6.1.jar:/home/simon/.m2/repository/org/slf4j/slf4j-log4j12/1.6.1/slf4j-log4j12-1.6.1.jar:/home/simon/.m2/repository/org/aspectj/aspectjrt/1.6.11.M2/aspectjrt-1.6.11.M2.jar:/home/simon/.m2/repository/org/aspectj/aspectjweaver/1.6.11.M2/aspectjweaver-1.6.11.M2.jar:/home/simon/.m2/repository/javax/servlet/servlet-api/2.5/servlet-api-2.5.jar:/home/simon/.m2/repository/net/sf/flexjson/flexjson/2.1/flexjson-2.1.jar:/home/simon/.m2/repository/org/springframework/roo/org.springframework.roo.annotations/1.1.2.RELEASE/org.springframework.roo.annotations-1.1.2.RELEASE.jar:/home/simon/.m2/repository/org/springframework/spring-core/3.0.5.RELEASE/spring-core-3.0.5.RELEASE.jar:/home/simon/.m2/repository/org/springframework/spring-asm/3.0.5.RELEASE/spring-asm-3.0.5.RELEASE.jar:/home/simon/.m2/repository/org/springframework/spring-test/3.0.5.RELEASE/spring-test-3.0.5.RELEASE.jar:/home/simon/.m2/repository/org/springframework/spring-context/3.0.5.RELEASE/spring-context-3.0.5.RELEASE.jar:/home/simon/.m2/repository/org/springframework/spring-aop/3.0.5.RELEASE/spring-aop-3.0.5.RELEASE.jar:/home/simon/.m2/repository/aopalliance/aopalliance/1.0/aopalliance-1.0.jar:/home/simon/.m2/repository/org/springframework/spring-beans/3.0.5.RELEASE/spring-beans-3.0.5.RELEASE.jar:/home/simon/.m2/repository/org/springframework/spring-expression/3.0.5.RELEASE/spring-expression-3.0.5.RELEASE.jar:/home/simon/.m2/repository/org/springframework/spring-aspects/3.0.5.RELEASE/spring-aspects-3.0.5.RELEASE.jar:/home/simon/.m2/repository/org/springframework/spring-context-support/3.0.5.RELEASE/spring-context-support-3.0.5.RELEASE.jar:/home/simon/.m2/repository/org/springframework/spring-tx/3.0.5.RELEASE/spring-tx-3.0.5.RELEASE.jar:/home/simon/.m2/repository/org/hsqldb/hsqldb/1.8.0.10/hsqldb-1.8.0.10.jar:/home/simon/.m2/repository/org/hibernate/hibernate-core/3.6.1.Final/hibernate-core-3.6.1.Final.jar:/home/simon/.m2/repository/antlr/antlr/2.7.6/antlr-2.7.6.jar:/home/simon/.m2/repository/commons-collections/commons-collections/3.1/commons-collections-3.1.jar:/home/simon/.m2/repository/dom4j/dom4j/1.6.1/dom4j-1.6.1.jar:/home/simon/.m2/repository/org/hibernate/hibernate-commons-annotations/3.2.0.Final/hibernate-commons-annotations-3.2.0.Final.jar:/home/simon/.m2/repository/org/hibernate/javax/persistence/hibernate-jpa-2.0-api/1.0.0.Final/hibernate-jpa-2.0-api-1.0.0.Final.jar:/home/simon/.m2/repository/javax/transaction/jta/1.1/jta-1.1.jar:/home/simon/.m2/repository/org/hibernate/hibernate-entitymanager/3.6.1.Final/hibernate-entitymanager-3.6.1.Final.jar:/home/simon/.m2/repository/javassist/javassist/3.12.0.GA/javassist-3.12.0.GA.jar:/home/simon/.m2/repository/org/hibernate/hibernate-validator/4.1.0.Final/hibernate-validator-4.1.0.Final.jar:/home/simon/.m2/repository/javax/validation/validation-api/1.0.0.GA/validation-api-1.0.0.GA.jar:/home/simon/.m2/repository/cglib/cglib-nodep/2.2/cglib-nodep-2.2.jar:/home/simon/.m2/repository/org/springframework/spring-jdbc/3.0.5.RELEASE/spring-jdbc-3.0.5.RELEASE.jar:/home/simon/.m2/repository/org/springframework/spring-orm/3.0.5.RELEASE/spring-orm-3.0.5.RELEASE.jar:/home/simon/.m2/repository/commons-pool/commons-pool/1.5.4/commons-pool-1.5.4.jar:/home/simon/.m2/repository/commons-dbcp/commons-dbcp/1.3/commons-dbcp-1.3.jar:/home/simon/.m2/repository/org/apache/tiles/tiles-core/2.2.1/tiles-core-2.2.1.jar:/home/simon/.m2/repository/org/apache/tiles/tiles-api/2.2.1/tiles-api-2.2.1.jar:/home/simon/.m2/repository/commons-digester/commons-digester/2.0/commons-digester-2.0.jar:/home/simon/.m2/repository/commons-beanutils/commons-beanutils/1.8.0/commons-beanutils-1.8.0.jar:/home/simon/.m2/repository/org/apache/tiles/tiles-jsp/2.2.1/tiles-jsp-2.2.1.jar:/home/simon/.m2/repository/org/apache/tiles/tiles-servlet/2.2.1/tiles-servlet-2.2.1.jar:/home/simon/.m2/repository/org/apache/tiles/tiles-template/2.2.1/tiles-template-2.2.1.jar:/home/simon/.m2/repository/org/springframework/spring-web/3.0.5.RELEASE/spring-web-3.0.5.RELEASE.jar:/home/simon/.m2/repository/org/springframework/spring-webmvc/3.0.5.RELEASE/spring-webmvc-3.0.5.RELEASE.jar:/home/simon/.m2/repository/org/springframework/webflow/spring-js-resources/2.2.1.RELEASE/spring-js-resources-2.2.1.RELEASE.jar:/home/simon/.m2/repository/commons-fileupload/commons-fileupload/1.2.1/commons-fileupload-1.2.1.jar:/home/simon/.m2/repository/javax/servlet/jstl/1.2/jstl-1.2.jar:/home/simon/.m2/repository/javax/el/el-api/1.0/el-api-1.0.jar:/home/simon/.m2/repository/joda-time/joda-time/1.6/joda-time-1.6.jar:/home/simon/.m2/repository/javax/servlet/jsp/jsp-api/2.1/jsp-api-2.1.jar:"/>
    <property name="java.vm.specification.version" value="1.0"/>
    <property name="sun.arch.data.model" value="32"/>
    <property name="java.home" value="/usr/lib/jvm/java-6-openjdk/jre"/>
    <property name="java.specification.vendor" value="Sun Microsystems Inc."/>
    <property name="user.language" value="en"/>
    <property name="java.vm.info" value="mixed mode, sharing"/>
    <property name="java.version" value="1.6.0_20"/>
    <property name="java.ext.dirs" value="/usr/lib/jvm/java-6-openjdk/jre/lib/ext:/usr/java/packages/lib/ext"/>
    <property name="sun.boot.class.path" value="/usr/lib/jvm/java-6-openjdk/jre/lib/resources.jar:/usr/lib/jvm/java-6-openjdk/jre/lib/rt.jar:/usr/lib/jvm/java-6-openjdk/jre/lib/sunrsasign.jar:/usr/lib/jvm/java-6-openjdk/jre/lib/jsse.jar:/usr/lib/jvm/java-6-openjdk/jre/lib/jce.jar:/usr/lib/jvm/java-6-openjdk/jre/lib/charsets.jar:/usr/lib/jvm/java-6-openjdk/jre/lib/netx.jar:/usr/lib/jvm/java-6-openjdk/jre/lib/plugin.jar:/usr/lib/jvm/java-6-openjdk/jre/lib/rhino.jar:/usr/lib/jvm/java-6-openjdk/jre/classes"/>
    <property name="java.vendor" value="Sun Microsystems Inc."/>
    <property name="localRepository" value="/home/simon/.m2/repository"/>
    <property name="file.separator" value="/"/>
    <property name="java.vendor.url.bug" value="http://java.sun.com/cgi-bin/bugreport.cgi"/>
    <property name="sun.cpu.endian" value="little"/>
    <property name="sun.io.unicode.encoding" value="UnicodeLittle"/>
    <property name="sun.desktop" value="gnome"/>
    <property name="sun.cpu.isalist" value=""/>
  </properties>
  <testcase time="5.087" classname="com.fingerbook.MyClassIntegrationTest" name="testMarkerMethod"/>
  <testcase time="0.598" classname="com.fingerbook.MyClassIntegrationTest" name="testCountMyClasses"/>
  <testcase time="0.045" classname="com.fingerbook.MyClassIntegrationTest" name="testFindMyClass"/>
  <testcase time="0.033" classname="com.fingerbook.MyClassIntegrationTest" name="testFindAllMyClasses"/>
  <testcase time="0.051" classname="com.fingerbook.MyClassIntegrationTest" name="testFindMyClassEntries"/>
  <testcase time="0.031" classname="com.fingerbook.MyClassIntegrationTest" name="testFlush"/>
  <testcase time="0.035" classname="com.fingerbook.MyClassIntegrationTest" name="testMerge"/>
  <testcase time="0.047" classname="com.fingerbook.MyClassIntegrationTest" name="testPersist"/>
  <testcase time="0.055" classname="com.fingerbook.MyClassIntegrationTest" name="testRemove"/>
</testsuite>